android/app/build/intermediates/manifest_merge_blame_file/debug/manifest-merger-blame-debug-report.txt
1<?xml version="1.0" encoding="utf-8"?>
2<manifest xmlns:android="http://schemas.android.com/apk/res/android"
3    package="com.newvisiontest"
4    android:versionCode="1"
5    android:versionName="1.0" >
6
7    <uses-sdk
8        android:minSdkVersion="21"
9        android:targetSdkVersion="31" />
10
11    <uses-permission android:name="android.permission.SYSTEM_ALERT_WINDOW" />
11-->src/debug/AndroidManifest.xml:5:5-77
11-->src/debug/AndroidManifest.xml:5:22-75
12    <uses-permission android:name="android.permission.INTERNET" />
12-->src/main/AndroidManifest.xml:4:5-67
12-->src/main/AndroidManifest.xml:4:22-64
13    <uses-permission android:name="android.permission.CAMERA" /> <!-- optionally, if you want to record audio: -->
13-->src/main/AndroidManifest.xml:5:5-65
13-->src/main/AndroidManifest.xml:5:22-62
14    <uses-permission android:name="android.permission.RECORD_AUDIO" />
14-->src/main/AndroidManifest.xml:8:1-67
14-->src/main/AndroidManifest.xml:8:18-64
15    <uses-permission android:name="android.permission.ACCESS_WIFI_STATE" /> <!-- Although the *SdkVersion is captured in gradle build files, this is required for non gradle builds -->
15-->[com.facebook.flipper:flipper:0.125.0] AndroidManifest.xml:16:5-76
15-->[com.facebook.flipper:flipper:0.125.0] AndroidManifest.xml:16:22-73
16    <!-- <uses-sdk android:minSdkVersion="14"/> -->
17    <uses-permission android:name="android.permission.ACCESS_NETWORK_STATE" />
17-->[com.google.android.datatransport:transport-backend-cct:2.3.3] AndroidManifest.xml:25:5-79
17-->[com.google.android.datatransport:transport-backend-cct:2.3.3] AndroidManifest.xml:25:22-76
18
19    <queries>
19-->[androidx.camera:camera-extensions:1.1.0-beta02] AndroidManifest.xml:24:5-28:15
20        <intent>
20-->[androidx.camera:camera-extensions:1.1.0-beta02] AndroidManifest.xml:25:9-27:18
21            <action android:name="androidx.camera.extensions.action.VENDOR_ACTION" />
21-->[androidx.camera:camera-extensions:1.1.0-beta02] AndroidManifest.xml:26:13-86
21-->[androidx.camera:camera-extensions:1.1.0-beta02] AndroidManifest.xml:26:21-83
22        </intent>
23    </queries>
24
25    <application
25-->src/main/AndroidManifest.xml:10:5-30:19
26        android:name="com.newvisiontest.MainApplication"
26-->src/main/AndroidManifest.xml:11:7-38
27        android:allowBackup="false"
27-->src/main/AndroidManifest.xml:15:7-34
28        android:appComponentFactory="androidx.core.app.CoreComponentFactory"
28-->[androidx.core:core:1.7.0] AndroidManifest.xml:24:18-86
29        android:debuggable="true"
30        android:icon="@mipmap/ic_launcher"
30-->src/main/AndroidManifest.xml:13:7-41
31        android:label="@string/app_name"
31-->src/main/AndroidManifest.xml:12:7-39
32        android:roundIcon="@mipmap/ic_launcher_round"
32-->src/main/AndroidManifest.xml:14:7-52
33        android:theme="@style/AppTheme"
33-->src/main/AndroidManifest.xml:16:7-38
34        android:usesCleartextTraffic="true" >
34-->src/debug/AndroidManifest.xml:8:9-44
35        <activity
35-->src/debug/AndroidManifest.xml:11:9-111
36            android:name="com.facebook.react.devsupport.DevSettingsActivity"
36-->src/debug/AndroidManifest.xml:11:19-83
37            android:exported="false" />
37-->src/debug/AndroidManifest.xml:11:84-108
38        <activity
38-->src/main/AndroidManifest.xml:18:7-29:18
39            android:name="com.newvisiontest.MainActivity"
39-->src/main/AndroidManifest.xml:19:9-37
40            android:configChanges="keyboard|keyboardHidden|orientation|screenLayout|screenSize|smallestScreenSize|uiMode"
40-->src/main/AndroidManifest.xml:21:9-118
41            android:exported="true"
41-->src/main/AndroidManifest.xml:24:9-32
42            android:label="@string/app_name"
42-->src/main/AndroidManifest.xml:20:9-41
43            android:launchMode="singleTask"
43-->src/main/AndroidManifest.xml:22:9-40
44            android:windowSoftInputMode="adjustResize" >
44-->src/main/AndroidManifest.xml:23:9-51
45            <intent-filter>
45-->src/main/AndroidManifest.xml:25:9-28:25
46                <action android:name="android.intent.action.MAIN" />
46-->src/main/AndroidManifest.xml:26:13-65
46-->src/main/AndroidManifest.xml:26:21-62
47
48                <category android:name="android.intent.category.LAUNCHER" />
48-->src/main/AndroidManifest.xml:27:13-73
48-->src/main/AndroidManifest.xml:27:23-70
49            </intent-filter>
50        </activity>
51
52        <service
52-->[com.google.android.gms:play-services-mlkit-face-detection:16.2.0] AndroidManifest.xml:9:9-15:19
53            android:name="com.google.mlkit.common.internal.MlKitComponentDiscoveryService"
53-->[com.google.android.gms:play-services-mlkit-face-detection:16.2.0] AndroidManifest.xml:10:13-91
54            android:directBootAware="true"
54-->[com.google.mlkit:common:17.2.0] AndroidManifest.xml:17:13-43
55            android:exported="false" >
55-->[com.google.android.gms:play-services-mlkit-face-detection:16.2.0] AndroidManifest.xml:11:13-37
56            <meta-data
56-->[com.google.android.gms:play-services-mlkit-face-detection:16.2.0] AndroidManifest.xml:12:13-14:85
57                android:name="com.google.firebase.components:com.google.mlkit.vision.face.internal.FaceRegistrar"
57-->[com.google.android.gms:play-services-mlkit-face-detection:16.2.0] AndroidManifest.xml:13:17-114
58                android:value="com.google.firebase.components.ComponentRegistrar" />
58-->[com.google.android.gms:play-services-mlkit-face-detection:16.2.0] AndroidManifest.xml:14:17-82
59            <meta-data
59-->[com.google.mlkit:vision-common:16.5.0] AndroidManifest.xml:12:13-14:85
60                android:name="com.google.firebase.components:com.google.mlkit.vision.common.internal.VisionCommonRegistrar"
60-->[com.google.mlkit:vision-common:16.5.0] AndroidManifest.xml:13:17-124
61                android:value="com.google.firebase.components.ComponentRegistrar" />
61-->[com.google.mlkit:vision-common:16.5.0] AndroidManifest.xml:14:17-82
62            <meta-data
62-->[com.google.mlkit:common:17.2.0] AndroidManifest.xml:20:13-22:85
63                android:name="com.google.firebase.components:com.google.mlkit.common.internal.CommonComponentRegistrar"
63-->[com.google.mlkit:common:17.2.0] AndroidManifest.xml:21:17-120
64                android:value="com.google.firebase.components.ComponentRegistrar" />
64-->[com.google.mlkit:common:17.2.0] AndroidManifest.xml:22:17-82
65        </service>
66
67        <provider
67-->[com.google.mlkit:common:17.2.0] AndroidManifest.xml:9:9-13:38
68            android:name="com.google.mlkit.common.internal.MlKitInitProvider"
68-->[com.google.mlkit:common:17.2.0] AndroidManifest.xml:10:13-78
69            android:authorities="com.newvisiontest.mlkitinitprovider"
69-->[com.google.mlkit:common:17.2.0] AndroidManifest.xml:11:13-69
70            android:exported="false"
70-->[com.google.mlkit:common:17.2.0] AndroidManifest.xml:12:13-37
71            android:initOrder="99" />
71-->[com.google.mlkit:common:17.2.0] AndroidManifest.xml:13:13-35
72
73        <service
73-->[com.google.android.datatransport:transport-backend-cct:2.3.3] AndroidManifest.xml:29:9-35:19
74            android:name="com.google.android.datatransport.runtime.backends.TransportBackendDiscovery"
74-->[com.google.android.datatransport:transport-backend-cct:2.3.3] AndroidManifest.xml:30:13-103
75            android:exported="false" >
75-->[com.google.android.datatransport:transport-backend-cct:2.3.3] AndroidManifest.xml:31:13-37
76            <meta-data
76-->[com.google.android.datatransport:transport-backend-cct:2.3.3] AndroidManifest.xml:32:13-34:39
77                android:name="backend:com.google.android.datatransport.cct.CctBackendFactory"
77-->[com.google.android.datatransport:transport-backend-cct:2.3.3] AndroidManifest.xml:33:17-94
78                android:value="cct" />
78-->[com.google.android.datatransport:transport-backend-cct:2.3.3] AndroidManifest.xml:34:17-36
79        </service>
80        <service
80-->[com.google.android.datatransport:transport-runtime:2.2.6] AndroidManifest.xml:26:9-30:19
81            android:name="com.google.android.datatransport.runtime.scheduling.jobscheduling.JobInfoSchedulerService"
81-->[com.google.android.datatransport:transport-runtime:2.2.6] AndroidManifest.xml:27:13-117
82            android:exported="false"
82-->[com.google.android.datatransport:transport-runtime:2.2.6] AndroidManifest.xml:28:13-37
83            android:permission="android.permission.BIND_JOB_SERVICE" >
83-->[com.google.android.datatransport:transport-runtime:2.2.6] AndroidManifest.xml:29:13-69
84        </service>
85
86        <receiver
86-->[com.google.android.datatransport:transport-runtime:2.2.6] AndroidManifest.xml:32:9-34:40
87            android:name="com.google.android.datatransport.runtime.scheduling.jobscheduling.AlarmManagerSchedulerBroadcastReceiver"
87-->[com.google.android.datatransport:transport-runtime:2.2.6] AndroidManifest.xml:33:13-132
88            android:exported="false" />
88-->[com.google.android.datatransport:transport-runtime:2.2.6] AndroidManifest.xml:34:13-37
89
90        <uses-library
90-->[androidx.camera:camera-extensions:1.1.0-beta02] AndroidManifest.xml:31:9-33:40
91            android:name="androidx.camera.extensions.impl"
91-->[androidx.camera:camera-extensions:1.1.0-beta02] AndroidManifest.xml:32:13-59
92            android:required="false" />
92-->[androidx.camera:camera-extensions:1.1.0-beta02] AndroidManifest.xml:33:13-37
93
94        <service
94-->[androidx.camera:camera-camera2:1.1.0-beta02] AndroidManifest.xml:26:9-35:19
95            android:name="androidx.camera.core.impl.MetadataHolderService"
95-->[androidx.camera:camera-camera2:1.1.0-beta02] AndroidManifest.xml:27:13-75
96            android:enabled="false"
96-->[androidx.camera:camera-camera2:1.1.0-beta02] AndroidManifest.xml:28:13-36
97            android:exported="false" >
97-->[androidx.camera:camera-camera2:1.1.0-beta02] AndroidManifest.xml:29:13-37
98            <meta-data
98-->[androidx.camera:camera-camera2:1.1.0-beta02] AndroidManifest.xml:32:13-34:89
99                android:name="androidx.camera.core.impl.MetadataHolderService.DEFAULT_CONFIG_PROVIDER"
99-->[androidx.camera:camera-camera2:1.1.0-beta02] AndroidManifest.xml:33:17-103
100                android:value="androidx.camera.camera2.Camera2Config$DefaultProvider" />
100-->[androidx.camera:camera-camera2:1.1.0-beta02] AndroidManifest.xml:34:17-86
101        </service>
102
103        <activity
103-->[com.google.android.gms:play-services-base:17.6.0] AndroidManifest.xml:23:9-26:75
104            android:name="com.google.android.gms.common.api.GoogleApiActivity"
104-->[com.google.android.gms:play-services-base:17.6.0] AndroidManifest.xml:24:13-79
105            android:exported="false"
105-->[com.google.android.gms:play-services-base:17.6.0] AndroidManifest.xml:25:13-37
106            android:theme="@android:style/Theme.Translucent.NoTitleBar" />
106-->[com.google.android.gms:play-services-base:17.6.0] AndroidManifest.xml:26:13-72
107
108        <meta-data
108-->[com.google.android.gms:play-services-basement:17.6.0] AndroidManifest.xml:23:9-25:69
109            android:name="com.google.android.gms.version"
109-->[com.google.android.gms:play-services-basement:17.6.0] AndroidManifest.xml:24:13-58
110            android:value="@integer/google_play_services_version" />
110-->[com.google.android.gms:play-services-basement:17.6.0] AndroidManifest.xml:25:13-66
111
112        <provider
112-->[androidx.emoji2:emoji2:1.0.0] AndroidManifest.xml:26:9-34:20
113            android:name="androidx.startup.InitializationProvider"
113-->[androidx.emoji2:emoji2:1.0.0] AndroidManifest.xml:27:13-67
114            android:authorities="com.newvisiontest.androidx-startup"
114-->[androidx.emoji2:emoji2:1.0.0] AndroidManifest.xml:28:13-68
115            android:exported="false" >
115-->[androidx.emoji2:emoji2:1.0.0] AndroidManifest.xml:29:13-37
116            <meta-data
116-->[androidx.emoji2:emoji2:1.0.0] AndroidManifest.xml:31:13-33:52
117                android:name="androidx.emoji2.text.EmojiCompatInitializer"
117-->[androidx.emoji2:emoji2:1.0.0] AndroidManifest.xml:32:17-75
118                android:value="androidx.startup" />
118-->[androidx.emoji2:emoji2:1.0.0] AndroidManifest.xml:33:17-49
119            <meta-data
119-->[androidx.lifecycle:lifecycle-process:2.4.0] AndroidManifest.xml:31:13-33:52
120                android:name="androidx.lifecycle.ProcessLifecycleInitializer"
120-->[androidx.lifecycle:lifecycle-process:2.4.0] AndroidManifest.xml:32:17-78
121                android:value="androidx.startup" />
121-->[androidx.lifecycle:lifecycle-process:2.4.0] AndroidManifest.xml:33:17-49
122        </provider>
123    </application>
124
125</manifest>